Time resolution is 1 ps
dio_en=1, data_i=   125791, data_o=         -5
dio_en=1, data_i=    80595, data_o=         -5
dio_en=1, data_i=   640530, data_o=         -2
dio_en=1, data_i=  1641999, data_o=         -2
dio_en=1, data_i=  1354823, data_o=         -2
dio_en=1, data_i=   212797, data_o=         -4
dio_en=1, data_i=    63012, data_o=         -5
dio_en=1, data_i=    20318, data_o=         -6
dio_en=1, data_i=   136577, data_o=         -4
dio_en=1, data_i=   167624, data_o=         -4
dio_en=1, data_i=   236301, data_o=         -4
dio_en=1, data_i=    63322, data_o=         -5
dio_en=1, data_i=    13314, data_o=         -7
dio_en=1, data_i=     3203, data_o=         -8
dio_en=1, data_i=     3003, data_o=         -8
dio_en=1, data_i=     1060, data_o=         -9
dio_en=1, data_i=     2616, data_o=         -8
dio_en=1, data_i=     3185, data_o=         -8
dio_en=1, data_i=     3888, data_o=         -8
dio_en=1, data_i=     1115, data_o=         -9
dio_en=1, data_i=      767, data_o=        -10
dio_en=1, data_i=     1507, data_o=         -9
dio_en=1, data_i=     2701, data_o=         -8
dio_en=1, data_i=     3695, data_o=         -8
dio_en=1, data_i=     3116, data_o=         -8
dio_en=1, data_i=     4805, data_o=         -7
dio_en=1, data_i=     3400, data_o=         -8
dio_en=1, data_i=     7063, data_o=         -7
dio_en=1, data_i=     8712, data_o=         -7
dio_en=1, data_i=     4291, data_o=         -7
dio_en=1, data_i=    16772, data_o=         -6
dio_en=1, data_i=    20476, data_o=         -6
dio_en=1, data_i=     7318, data_o=         -7
dio_en=1, data_i=     5063, data_o=         -7
dio_en=1, data_i=     4953, data_o=         -7
dio_en=1, data_i=     2803, data_o=         -8
dio_en=1, data_i=    17188, data_o=         -6
dio_en=1, data_i=    32098, data_o=         -6
dio_en=1, data_i=    22903, data_o=         -6
dio_en=1, data_i=    59329, data_o=         -5
dio_en=1, data_i=    43606, data_o=         -5
dio_en=1, data_i=    27921, data_o=         -6
dio_en=1, data_i=    13984, data_o=         -7
dio_en=1, data_i=    15117, data_o=         -7
dio_en=1, data_i=    30840, data_o=         -6
dio_en=1, data_i=    25126, data_o=         -6
dio_en=1, data_i=     9580, data_o=         -7
dio_en=1, data_i=    12789, data_o=         -7
dio_en=1, data_i=     3173, data_o=         -8
dio_en=1, data_i=     4279, data_o=         -7
dio_en=1, data_i=     3996, data_o=         -8
dio_en=1, data_i=     2540, data_o=         -8
dio_en=1, data_i=    10737, data_o=         -7
dio_en=1, data_i=     4153, data_o=         -7
dio_en=1, data_i=     1601, data_o=         -9
dio_en=1, data_i=     1767, data_o=         -9
dio_en=1, data_i=     1252, data_o=         -9
dio_en=1, data_i=     5647, data_o=         -7
dio_en=1, data_i=     4459, data_o=         -7
dio_en=1, data_i=     1431, data_o=         -9
dio_en=1, data_i=     3814, data_o=         -8
dio_en=1, data_i=     2351, data_o=         -8
dio_en=1, data_i=      794, data_o=        -10
dio_en=1, data_i=      695, data_o=        -10
dio_en=1, data_i=      695, data_o=        -10
dio_en=1, data_i=      695, data_o=        -10
dio_en=1, data_i=      695, data_o=        -10
dio_en=1, data_i=      695, data_o=        -10
dio_en=1, data_i=      695, data_o=        -10
dio_en=1, data_i=      695, data_o=        -10
dio_en=1, data_i=      695, data_o=        -10
dio_en=1, data_i=      695, data_o=        -10
dio_en=1, data_i=      695, data_o=        -10
dio_en=1, data_i=      695, data_o=        -10
dio_en=1, data_i=      695, data_o=        -10
$finish called at time : 1810 ns : File "C:/Users/kawad/log/log.srcs/sim_1/imports/log/tb_log.v" Line 125
